Warning: Using a password on the command line interface can be insecure.
exec db3 OK!
exec db1 OK!
all 'rm -rf /home/mysql/db_select_tmp.sql' exec over,please check!!!
Warning: Using a password on the command line interface can be insecure.
db1
db3
Warning: Using a password on the command line interface can be insecure.
Warning: Using a password on the command line interface can be insecure.
Warning: Using a password on the command line interface can be insecure.
Warning: Using a password on the command line interface can be insecure.
Warning: Using a password on the command line interface can be insecure.
Warning: Using a password on the command line interface can be insecure.
Warning: Using a password on the command line interface can be insecure.
Warning: Using a password on the command line interface can be insecure.
Warning: Using a password on the command line interface can be insecure.
Warning: Using a password on the command line interface can be insecure.
Warning: Using a password on the command line interface can be insecure.
Warning: Using a password on the command line interface can be insecure.
Warning: Using a password on the command line interface can be insecure.
Warning: Using a password on the command line interface can be insecure.
Warning: Using a password on the command line interface can be insecure.
Warning: Using a password on the command line interface can be insecure.
Warning: Using a password on the command line interface can be insecure.
Warning: Using a password on the command line interface can be insecure.
Warning: Using a password on the command line interface can be insecure.
Warning: Using a password on the command line interface can be insecure.
Warning: Using a password on the command line interface can be insecure.
Warning: Using a password on the command line interface can be insecure.
Warning: Using a password on the command line interface can be insecure.
Warning: Using a password on the command line interface can be insecure.
Warning: Using a password on the command line interface can be insecure.
Warning: Using a password on the command line interface can be insecure.
Warning: Using a password on the command line interface can be insecure.
Warning: Using a password on the command line interface can be insecure.
Warning: Using a password on the command line interface can be insecure.
Warning: Using a password on the command line interface can be insecure.
Warning: Using a password on the command line interface can be insecure.
Warning: Using a password on the command line interface can be insecure.
Warning: Using a password on the command line interface can be insecure.
Warning: Using a password on the command line interface can be insecure.
Warning: Using a password on the command line interface can be insecure.
Warning: Using a password on the command line interface can be insecure.
Warning: Using a password on the command line interface can be insecure.
Warning: Using a password on the command line interface can be insecure.
Warning: Using a password on the command line interface can be insecure.
Warning: Using a password on the command line interface can be insecure.
Warning: Using a password on the command line interface can be insecure.
Warning: Using a password on the command line interface can be insecure.
Warning: Using a password on the command line interface can be insecure.
Warning: Using a password on the command line interface can be insecure.
Warning: Using a password on the command line interface can be insecure.
Warning: Using a password on the command line interface can be insecure.
Warning: Using a password on the command line interface can be insecure.
Warning: Using a password on the command line interface can be insecure.
Warning: Using a password on the command line interface can be insecure.
Warning: Using a password on the command line interface can be insecure.
Warning: Using a password on the command line interface can be insecure.
Warning: Using a password on the command line interface can be insecure.
Warning: Using a password on the command line interface can be insecure.
Warning: Using a password on the command line interface can be insecure.
Warning: Using a password on the command line interface can be insecure.
Warning: Using a password on the command line interface can be insecure.
Warning: Using a password on the command line interface can be insecure.
Warning: Using a password on the command line interface can be insecure.
Warning: Using a password on the command line interface can be insecure.
Warning: Using a password on the command line interface can be insecure.
Warning: Using a password on the command line interface can be insecure.
Warning: Using a password on the command line interface can be insecure.
Warning: Using a password on the command line interface can be insecure.
Warning: Using a password on the command line interface can be insecure.
select pvz2ios_gamedb01 OK!
select pvz2ios_gamedb02 OK!
select pvz2ios_gamedb21 OK!
select pvz2ios_gamedb03 OK!
select pvz2ios_gamedb51 OK!
select pvz2ios_gamedb59 OK!
select pvz2ios_gamedb50 OK!
select pvz2ios_gamedb49 OK!
select pvz2ios_gamedb62 OK!
select pvz2ios_gamedb57 OK!
select pvz2ios_gamedb60 OK!
select pvz2ios_gamedb40 OK!
select pvz2ios_gamedb34 OK!
select pvz2ios_gamedb48 OK!
select pvz2ios_gamedb43 OK!
select pvz2ios_gamedb52 OK!
select pvz2ios_gamedb58 OK!
select pvz2ios_gamedb63 OK!
select pvz2ios_gamedb56 OK!
select pvz2ios_gamedb35 OK!
select pvz2ios_gamedb61 OK!
select pvz2ios_gamedb44 OK!
select pvz2ios_gamedb41 OK!
select pvz2ios_gamedb42 OK!
select pvz2ios_gamedb36 OK!
select pvz2ios_gamedb33 OK!
select pvz2ios_gamedb39 OK!
select pvz2ios_gamedb47 OK!
select pvz2ios_gamedb54 OK!
select pvz2ios_gamedb64 OK!
select pvz2ios_gamedb55 OK!
select pvz2ios_gamedb37 OK!
select pvz2ios_gamedb45 OK!
select pvz2ios_gamedb46 OK!
select pvz2ios_gamedb53 OK!
select pvz2ios_gamedb38 OK!
select pvz2ios_gamedb17 OK!
select pvz2ios_gamedb18 OK!
select pvz2ios_gamedb04 OK!
select pvz2ios_gamedb06 OK!
select pvz2ios_gamedb12 OK!
select pvz2ios_gamedb24 OK!
select pvz2ios_gamedb20 OK!
select pvz2ios_gamedb05 OK!
select pvz2ios_gamedb19 OK!
select pvz2ios_gamedb11 OK!
select pvz2ios_gamedb31 OK!
select pvz2ios_gamedb15 OK!
select pvz2ios_gamedb28 OK!
select pvz2ios_gamedb07 OK!
select pvz2ios_gamedb08 OK!
select pvz2ios_gamedb30 OK!
select pvz2ios_gamedb27 OK!
select pvz2ios_gamedb10 OK!
select pvz2ios_gamedb26 OK!
select pvz2ios_gamedb29 OK!
select pvz2ios_gamedb13 OK!
select pvz2ios_gamedb23 OK!
select pvz2ios_gamedb25 OK!
select pvz2ios_gamedb32 OK!
select pvz2ios_gamedb16 OK!
select pvz2ios_gamedb22 OK!
select pvz2ios_gamedb14 OK!
select pvz2ios_gamedb09 OK!
all select finished!,please check /home/mysql/output
